This is pdfTeX, Version 3.14159265-2.6-1.40.21 (TeX Live 2020) (preloaded format=pdflatex 2020.4.7)  28 DEC 2021 10:47
entering extended mode
 restricted \write18 enabled.
 %&-line parsing enabled.
**Exercises.txt
(./Exercises.txt
LaTeX2e <2020-02-02> patch level 5
L3 programming layer <2020-03-06>
(/usr/local/texlive/2020/texmf-dist/tex/latex/base/article.cls
Document Class: article 2019/12/20 v1.4l Standard LaTeX document class
(/usr/local/texlive/2020/texmf-dist/tex/latex/base/size10.clo
File: size10.clo 2019/12/20 v1.4l Standard LaTeX file (size option)
)
\c@part=\count167
\c@section=\count168
\c@subsection=\count169
\c@subsubsection=\count170
\c@paragraph=\count171
\c@subparagraph=\count172
\c@figure=\count173
\c@table=\count174
\abovecaptionskip=\skip47
\belowcaptionskip=\skip48
\bibindent=\dimen134
)
(/usr/local/texlive/2020/texmf-dist/tex/latex/amsmath/amsmath.sty
Package: amsmath 2020/01/20 v2.17e AMS math features
\@mathmargin=\skip49

For additional information on amsmath, use the `?' option.
(/usr/local/texlive/2020/texmf-dist/tex/latex/amsmath/amstext.sty
Package: amstext 2000/06/29 v2.01 AMS text

(/usr/local/texlive/2020/texmf-dist/tex/latex/amsmath/amsgen.sty
File: amsgen.sty 1999/11/30 v2.0 generic functions
\@emptytoks=\toks15
\ex@=\dimen135
))
(/usr/local/texlive/2020/texmf-dist/tex/latex/amsmath/amsbsy.sty
Package: amsbsy 1999/11/29 v1.2d Bold Symbols
\pmbraise@=\dimen136
)
(/usr/local/texlive/2020/texmf-dist/tex/latex/amsmath/amsopn.sty
Package: amsopn 2016/03/08 v2.02 operator names
)
\inf@bad=\count175
LaTeX Info: Redefining \frac on input line 227.
\uproot@=\count176
\leftroot@=\count177
LaTeX Info: Redefining \overline on input line 389.
\classnum@=\count178
\DOTSCASE@=\count179
LaTeX Info: Redefining \ldots on input line 486.
LaTeX Info: Redefining \dots on input line 489.
LaTeX Info: Redefining \cdots on input line 610.
\Mathstrutbox@=\box45
\strutbox@=\box46
\big@size=\dimen137
LaTeX Font Info:    Redeclaring font encoding OML on input line 733.
LaTeX Font Info:    Redeclaring font encoding OMS on input line 734.
\macc@depth=\count180
\c@MaxMatrixCols=\count181
\dotsspace@=\muskip16
\c@parentequation=\count182
\dspbrk@lvl=\count183
\tag@help=\toks16
\row@=\count184
\column@=\count185
\maxfields@=\count186
\andhelp@=\toks17
\eqnshift@=\dimen138
\alignsep@=\dimen139
\tagshift@=\dimen140
\tagwidth@=\dimen141
\totwidth@=\dimen142
\lineht@=\dimen143
\@envbody=\toks18
\multlinegap=\skip50
\multlinetaggap=\skip51
\mathdisplay@stack=\toks19
LaTeX Info: Redefining \[ on input line 2859.
LaTeX Info: Redefining \] on input line 2860.
)
(/usr/local/texlive/2020/texmf-dist/tex/latex/amsfonts/amssymb.sty
Package: amssymb 2013/01/14 v3.01 AMS font symbols

(/usr/local/texlive/2020/texmf-dist/tex/latex/amsfonts/amsfonts.sty
Package: amsfonts 2013/01/14 v3.01 Basic AMSFonts support
\symAMSa=\mathgroup4
\symAMSb=\mathgroup5
LaTeX Font Info:    Redeclaring math symbol \hbar on input line 98.
LaTeX Font Info:    Overwriting math alphabet `\mathfrak' in version `bold'
(Font)                  U/euf/m/n --> U/euf/b/n on input line 106.
))
(/usr/local/texlive/2020/texmf-dist/tex/latex/tools/tabularx.sty
Package: tabularx 2020/01/15 v2.11c `tabularx' package (DPC)

(/usr/local/texlive/2020/texmf-dist/tex/latex/tools/array.sty
Package: array 2019/08/31 v2.4l Tabular extension package (FMi)
\col@sep=\dimen144
\ar@mcellbox=\box47
\extrarowheight=\dimen145
\NC@list=\toks20
\extratabsurround=\skip52
\backup@length=\skip53
\ar@cellbox=\box48
)
\TX@col@width=\dimen146
\TX@old@table=\dimen147
\TX@old@col=\dimen148
\TX@target=\dimen149
\TX@delta=\dimen150
\TX@cols=\count187
\TX@ftn=\toks21
)
(/usr/local/texlive/2020/texmf-dist/tex/latex/l3backend/l3backend-pdfmode.def
File: l3backend-pdfmode.def 2020-03-12 L3 backend support: PDF mode
\l__kernel_color_stack_int=\count188
\l__pdf_internal_box=\box49
)
(./Exercises.aux)
\openout1 = `Exercises.aux'.

LaTeX Font Info:    Checking defaults for OML/cmm/m/it on input line 5.
LaTeX Font Info:    ... okay on input line 5.
LaTeX Font Info:    Checking defaults for OMS/cmsy/m/n on input line 5.
LaTeX Font Info:    ... okay on input line 5.
LaTeX Font Info:    Checking defaults for OT1/cmr/m/n on input line 5.
LaTeX Font Info:    ... okay on input line 5.
LaTeX Font Info:    Checking defaults for T1/cmr/m/n on input line 5.
LaTeX Font Info:    ... okay on input line 5.
LaTeX Font Info:    Checking defaults for TS1/cmr/m/n on input line 5.
LaTeX Font Info:    ... okay on input line 5.
LaTeX Font Info:    Checking defaults for OMX/cmex/m/n on input line 5.
LaTeX Font Info:    ... okay on input line 5.
LaTeX Font Info:    Checking defaults for U/cmr/m/n on input line 5.
LaTeX Font Info:    ... okay on input line 5.
LaTeX Font Info:    Trying to load font information for U+msa on input line 15.


(/usr/local/texlive/2020/texmf-dist/tex/latex/amsfonts/umsa.fd
File: umsa.fd 2013/01/14 v3.01 AMS symbols A
)
LaTeX Font Info:    Trying to load font information for U+msb on input line 15.


(/usr/local/texlive/2020/texmf-dist/tex/latex/amsfonts/umsb.fd
File: umsb.fd 2013/01/14 v3.01 AMS symbols B
)
Underfull \hbox (badness 10000) in paragraph at lines 23--33

 []

[1

{/usr/local/texlive/2020/texmf-var/fonts/map/pdftex/updmap/pdftex.map}]
[2]
Underfull \hbox (badness 10000) in paragraph at lines 69--93

 []

[3]
Overfull \hbox (34.84866pt too wide) in paragraph at lines 103--112
 [] 
 []

[4] [5]
Overfull \hbox (6.834pt too wide) in paragraph at lines 159--182
\OT1/cmr/m/n/10 the rest of the ma-trix you get the parity-check ma-trix $[]$ 
 []

[6] [7] [8]
Overfull \hbox (22.55635pt too wide) in paragraph at lines 249--267
\OML/cmm/m/it/10 v[] \OT1/cmr/m/n/10 = 11111111111111111111111111111111$ $\OML/
cmm/m/it/10 v[] \OT1/cmr/m/n/10 = 00000000000000001111111111111111$
 []


Overfull \hbox (22.55635pt too wide) in paragraph at lines 249--267
\OML/cmm/m/it/10 v[] \OT1/cmr/m/n/10 = 00000000111111110000000011111111$ $\OML/
cmm/m/it/10 v[] \OT1/cmr/m/n/10 = 00001111000011110000111100001111$
 []


Overfull \hbox (22.55635pt too wide) in paragraph at lines 249--267
\OML/cmm/m/it/10 v[] \OT1/cmr/m/n/10 = 00110011001100110011001100110011$ $\OML/
cmm/m/it/10 v[] \OT1/cmr/m/n/10 = 01010101010101010101010101010101$
 []


Overfull \hbox (41.22307pt too wide) in paragraph at lines 249--267
\OML/cmm/m/it/10 v[]v[] \OT1/cmr/m/n/10 = 00000000000000000000000011111111$ $\O
ML/cmm/m/it/10 v[]v[] \OT1/cmr/m/n/10 = 00000000000000000000111100001111$
 []


Overfull \hbox (41.22307pt too wide) in paragraph at lines 249--267
\OML/cmm/m/it/10 v[]v[] \OT1/cmr/m/n/10 = 00000000000000000011001100110011$ $\O
ML/cmm/m/it/10 v[]v[] \OT1/cmr/m/n/10 = 00000000000000000101010101010101$
 []


Overfull \hbox (41.22307pt too wide) in paragraph at lines 249--267
\OML/cmm/m/it/10 v[]v[] \OT1/cmr/m/n/10 = 00000000000011110000000000001111$ $\O
ML/cmm/m/it/10 v[]v[] \OT1/cmr/m/n/10 = 00000000001100110000000000110011$
 []


Overfull \hbox (41.22307pt too wide) in paragraph at lines 249--267
\OML/cmm/m/it/10 v[]v[] \OT1/cmr/m/n/10 = 00000000010101010000000001010101$ $\O
ML/cmm/m/it/10 v[]v[] \OT1/cmr/m/n/10 = 00000011000000110000001100000011$
 []


Overfull \hbox (41.22307pt too wide) in paragraph at lines 249--267
\OML/cmm/m/it/10 v[]v[] \OT1/cmr/m/n/10 = 00000101000001010000010100000101$ $\O
ML/cmm/m/it/10 v[]v[] \OT1/cmr/m/n/10 = 00010001000100010001000100010001$
 []

[9] [10]
Underfull \hbox (badness 10000) in paragraph at lines 304--305

 []

[11]
Underfull \hbox (badness 10000) in paragraph at lines 308--349

 []


Underfull \hbox (badness 10000) in paragraph at lines 351--352

 []

[12] [13]
Underfull \hbox (badness 10000) in paragraph at lines 402--421

 []

[14] [15] [16] (./Exercises.aux) ) 
Here is how much of TeX's memory you used:
 1597 strings out of 480608
 20107 string characters out of 5903631
 277215 words of memory out of 5000000
 17527 multiletter control sequences out of 15000+600000
 535247 words of font info for 36 fonts, out of 8000000 for 9000
 1141 hyphenation exceptions out of 8191
 30i,7n,31p,1487b,147s stack positions out of 5000i,500n,10000p,200000b,80000s
</usr/local/texlive/2020/texmf-dist/fonts/typ
e1/public/amsfonts/cm/cmbx12.pfb></usr/local/texlive/2020/texmf-dist/fonts/type
1/public/amsfonts/cm/cmex10.pfb></usr/local/texlive/2020/texmf-dist/fonts/type1
/public/amsfonts/cm/cmmi10.pfb></usr/local/texlive/2020/texmf-dist/fonts/type1/
public/amsfonts/cm/cmmi5.pfb></usr/local/texlive/2020/texmf-dist/fonts/type1/pu
blic/amsfonts/cm/cmmi7.pfb></usr/local/texlive/2020/texmf-dist/fonts/type1/publ
ic/amsfonts/cm/cmr10.pfb></usr/local/texlive/2020/texmf-dist/fonts/type1/public
/amsfonts/cm/cmr7.pfb></usr/local/texlive/2020/texmf-dist/fonts/type1/public/am
sfonts/cm/cmsy10.pfb></usr/local/texlive/2020/texmf-dist/fonts/type1/public/ams
fonts/cm/cmsy7.pfb>
Output written on Exercises.pdf (16 pages, 134935 bytes).
PDF statistics:
 92 PDF objects out of 1000 (max. 8388607)
 64 compressed objects within 1 object stream
 0 named destinations out of 1000 (max. 500000)
 1 words of extra memory for PDF output out of 10000 (max. 10000000)

